<?xml version="1.0" encoding="UTF-8"?>
<testng-results skipped="0" failed="0" ignored="0" total="1" passed="1">
  <reporter-output>
  </reporter-output>
  <suite name="Default suite" duration-ms="24759" started-at="2018-01-31T14:09:08Z" finished-at="2018-01-31T14:09:33Z">
    <groups>
    </groups>
    <test name="Default test" duration-ms="24759" started-at="2018-01-31T14:09:08Z" finished-at="2018-01-31T14:09:33Z">
      <class name="MavenTest.TC002">
        <test-method status="PASS" signature="TC002()[pri:0, instance:MavenTest.TC002@14acaea5]" name="TC002" duration-ms="24743" started-at="2018-01-31T16:09:08Z" finished-at="2018-01-31T16:09:33Z">
          <reporter-output>
          </reporter-output>
        </test-method> <!-- TC002 -->
      </class> <!-- MavenTest.TC002 -->
    </test> <!-- Default test -->
  </suite> <!-- Default suite -->
</testng-results>
