-------------------------------------------------------------------------------
Test set: TestSuite
-------------------------------------------------------------------------------
Tests run: 2, Failures: 1, Errors: 0, Skipped: 0, Time elapsed: 0.838 sec <<< FAILURE! - in TestSuite
Dummy_test_to_fail(MavenTest.TC001)  Time elapsed: 0.022 sec  <<< FAILURE!
java.lang.AssertionError: expected [2] but found [1]
	at MavenTest.TC001.Dummy_test_to_fail(TC001.java:14)

