<?xml version="1.0" encoding="UTF-8"?>
<testsuite xmlns:xsi="http://www.w3.org/2001/XMLSchema-instance" xsi:schemaLocation="https://maven.apache.org/surefire/maven-surefire-plugin/xsd/surefire-test-report.xsd" name="TestSuite" time="0.838" tests="2" errors="0" skipped="0" failures="1">
  <properties>
[...]
</properties>
  <testcase name="Dummy_test_to_fail" classname="MavenTest.TC001" time="0.022">
    <failure message="expected [2] but found [1]" type="java.lang.AssertionError">java.lang.AssertionError: expected [2] but found [1]
	at MavenTest.TC001.Dummy_test_to_fail(TC001.java:14)
</failure>
  </testcase>
  <testcase name="Dummy_test_to_pass" classname="MavenTest.TC001" time="0"/>
</testsuite>